Captura 51, métricas de 60 segundos após o início do quarto ataque (ICMP) e 5 minutos anteriores
Total 300 segundos (5 minutos)

KMeans
[[203   0]
 [ 49  48]]
              precision    recall  f1-score   support

           0       0.81      1.00      0.89       203
           1       1.00      0.49      0.66        97

    accuracy                           0.84       300
   macro avg       0.90      0.75      0.78       300
weighted avg       0.87      0.84      0.82       300

DBSCAN
[[  0   0   0]
 [  8 195   0]
 [  4  47  46]]
              precision    recall  f1-score   support

          -1       0.00      0.00      0.00         0
           0       0.81      0.96      0.88       203
           1       1.00      0.47      0.64        97

    accuracy                           0.80       300
   macro avg       0.60      0.48      0.51       300
weighted avg       0.87      0.80      0.80       300

SOM
[[ 10 193]
 [ 49  48]]
              precision    recall  f1-score   support

           0       0.17      0.05      0.08       203
           1       0.20      0.49      0.28        97

    accuracy                           0.19       300
   macro avg       0.18      0.27      0.18       300
weighted avg       0.18      0.19      0.14       300

Birch
[[  0 203]
 [ 48  49]]
              precision    recall  f1-score   support

           0       0.00      0.00      0.00       203
           1       0.19      0.51      0.28        97

    accuracy                           0.16       300
   macro avg       0.10      0.25      0.14       300
weighted avg       0.06      0.16      0.09       300

Ward
[[203   0]
 [ 49  48]]
              precision    recall  f1-score   support

           0       0.81      1.00      0.89       203
           1       1.00      0.49      0.66        97

    accuracy                           0.84       300
   macro avg       0.90      0.75      0.78       300
weighted avg       0.87      0.84      0.82       300

Spectral
[[203   0]
 [ 49  48]]
              precision    recall  f1-score   support

           0       0.81      1.00      0.89       203
           1       1.00      0.49      0.66        97

    accuracy                           0.84       300
   macro avg       0.90      0.75      0.78       300
weighted avg       0.87      0.84      0.82       300