   Source_int  Destination_int    Length
0    5.542157         4.909171  6.738208
1    5.913551         5.441497  7.008852
2    5.906444         5.383069  6.960601
3    5.869367         5.275684  6.952289
4    5.884912         5.411387  7.074446
[[ 1.10882810e-02  3.67833805e-03 -9.68022816e-03]
 [ 9.65582224e-03  2.08524152e-03  6.39048567e-01]
 [ 9.61294855e-03  2.83035387e-03 -5.99565400e-04]
 ...
 [ 1.52689486e-02 -1.09923334e-02 -1.03417952e-02]
 [ 1.78260873e-02 -1.33655202e-02 -4.13080256e-03]
 [ 1.88815068e-02 -1.54634919e-02 -9.44339561e-03]]
KMeans
[0 1]
[0 1]
[[ 39  10]
 [189  62]]
              precision    recall  f1-score   support

           0       0.17      0.80      0.28        49
           1       0.86      0.25      0.38       251

    accuracy                           0.34       300
   macro avg       0.52      0.52      0.33       300
weighted avg       0.75      0.34      0.37       300

DBSCAN
[0]
[0 1]
[[ 49   0]
 [251   0]]
              precision    recall  f1-score   support

           0       0.16      1.00      0.28        49
           1       0.00      0.00      0.00       251

    accuracy                           0.16       300
   macro avg       0.08      0.50      0.14       300
weighted avg       0.03      0.16      0.05       300

SOM
[0 1]
[0 1]
[[ 38  11]
 [174  77]]
              precision    recall  f1-score   support

           0       0.18      0.78      0.29        49
           1       0.88      0.31      0.45       251

    accuracy                           0.38       300
   macro avg       0.53      0.54      0.37       300
weighted avg       0.76      0.38      0.43       300

Birch
[0]
[0 1]
[[ 49   0]
 [251   0]]
              precision    recall  f1-score   support

           0       0.16      1.00      0.28        49
           1       0.00      0.00      0.00       251

    accuracy                           0.16       300
   macro avg       0.08      0.50      0.14       300
weighted avg       0.03      0.16      0.05       300

Ward
[0 1]
[0 1]
[[ 39  10]
 [189  62]]
              precision    recall  f1-score   support

           0       0.17      0.80      0.28        49
           1       0.86      0.25      0.38       251

    accuracy                           0.34       300
   macro avg       0.52      0.52      0.33       300
weighted avg       0.75      0.34      0.37       300

Spectral
[0 1]
[0 1]
[[ 39  10]
 [191  60]]
              precision    recall  f1-score   support

           0       0.17      0.80      0.28        49
           1       0.86      0.24      0.37       251

    accuracy                           0.33       300
   macro avg       0.51      0.52      0.33       300
weighted avg       0.74      0.33      0.36       300

