Captura 52, métricas de 29 segundos após o início do ataque (ICMP)
Total 807 segundos

KMeans
[[300 475]
 [ 29   3]]
              precision    recall  f1-score   support

           0       0.91      0.39      0.54       775
           1       0.01      0.09      0.01        32

    accuracy                           0.38       807
   macro avg       0.46      0.24      0.28       807
weighted avg       0.88      0.38      0.52       807

DBSCAN
[[  0   0   0]
 [153 425 197]
 [ 19   1  12]]
              precision    recall  f1-score   support

          -1       0.00      0.00      0.00         0
           0       1.00      0.55      0.71       775
           1       0.06      0.38      0.10        32

    accuracy                           0.54       807
   macro avg       0.35      0.31      0.27       807
weighted avg       0.96      0.54      0.68       807

SOM
[[471 304]
 [  2  30]]
              precision    recall  f1-score   support

           0       1.00      0.61      0.75       775
           1       0.09      0.94      0.16        32

    accuracy                           0.62       807
   macro avg       0.54      0.77      0.46       807
weighted avg       0.96      0.62      0.73       807

Birch
[[189 586]
 [ 16  16]]
              precision    recall  f1-score   support

           0       0.92      0.24      0.39       775
           1       0.03      0.50      0.05        32

    accuracy                           0.25       807
   macro avg       0.47      0.37      0.22       807
weighted avg       0.89      0.25      0.37       807

Ward
[[559 216]
 [ 13  19]]
              precision    recall  f1-score   support

           0       0.98      0.72      0.83       775
           1       0.08      0.59      0.14        32

    accuracy                           0.72       807
   macro avg       0.53      0.66      0.49       807
weighted avg       0.94      0.72      0.80       807

Spectral
[[300 475]
 [ 29   3]]
              precision    recall  f1-score   support

           0       0.91      0.39      0.54       775
           1       0.01      0.09      0.01        32

    accuracy                           0.38       807
   macro avg       0.46      0.24      0.28       807
weighted avg       0.88      0.38      0.52       807