     Source_int  Destination_int    Length
0      6.520647         6.634924  7.833736
1      6.315654         6.607406  7.537315
2      6.405942         6.688320  7.781551
3      6.491799         6.704081  7.769231
4      6.474200         6.711516  7.808592
..          ...              ...       ...
967    6.718539         6.400608  7.798861
968    6.707663         6.366955  7.751519
969    6.565783         6.307737  7.662832
970    6.873827         6.760985  7.791480
971    5.138233         4.905097  6.352086

[972 rows x 3 columns]
[[ 0.02696666 -0.02970806  0.66779534]
 [ 0.02237325 -0.03979439  0.20594052]
 [ 0.02586835 -0.04178475 -0.01486472]
 ...
 [ 0.02770739 -0.00164729 -0.02622054]
 [ 0.02166794 -0.00812989 -0.01343618]
 [ 0.02989024 -0.00525644 -0.01281993]]
KMeans
[0 1]
[0 1]
[[  0 247]
 [ 38  15]]
              precision    recall  f1-score   support

           0       0.00      0.00      0.00       247
           1       0.06      0.28      0.10        53

    accuracy                           0.05       300
   macro avg       0.03      0.14      0.05       300
weighted avg       0.01      0.05      0.02       300

DBSCAN
[-1  0]
[0 1]
[[  0   0   0]
 [ 57 190   0]
 [ 42  11   0]]
              precision    recall  f1-score   support

          -1       0.00      0.00      0.00         0
           0       0.95      0.77      0.85       247
           1       0.00      0.00      0.00        53

    accuracy                           0.63       300
   macro avg       0.32      0.26      0.28       300
weighted avg       0.78      0.63      0.70       300

SOM
[0 1]
[0 1]
[[172  75]
 [ 47   6]]
              precision    recall  f1-score   support

           0       0.79      0.70      0.74       247
           1       0.07      0.11      0.09        53

    accuracy                           0.59       300
   macro avg       0.43      0.40      0.41       300
weighted avg       0.66      0.59      0.62       300

Birch
[0 1]
[0 1]
[[247   0]
 [ 15  38]]
              precision    recall  f1-score   support

           0       0.94      1.00      0.97       247
           1       1.00      0.72      0.84        53

    accuracy                           0.95       300
   macro avg       0.97      0.86      0.90       300
weighted avg       0.95      0.95      0.95       300

Ward
[0 1]
[0 1]
[[247   0]
 [ 15  38]]
              precision    recall  f1-score   support

           0       0.94      1.00      0.97       247
           1       1.00      0.72      0.84        53

    accuracy                           0.95       300
   macro avg       0.97      0.86      0.90       300
weighted avg       0.95      0.95      0.95       300

Spectral
[0 1]
[0 1]
[[  0 247]
 [ 38  15]]
              precision    recall  f1-score   support

           0       0.00      0.00      0.00       247
           1       0.06      0.28      0.10        53

    accuracy                           0.05       300
   macro avg       0.03      0.14      0.05       300
weighted avg       0.01      0.05      0.02       300

