   Source_int  Destination_int    Length
0    1.098612         1.098612  1.374249
1    1.386294         1.386294  1.386294
2    2.644926         0.509015  3.386251
3    0.000000         0.000000  1.529827
4    1.309161         0.953207  3.115821
[[ 6.78245764e-03 -4.63679696e-04 -6.49935653e-01]
 [-1.91959043e-15 -2.18738762e-15 -7.09627976e-01]
 [ 4.59818569e-02  9.38458665e-02  2.66897401e-03]
 ...
 [ 7.75901150e-02 -2.91884654e-01  6.61973241e-03]
 [ 3.90759882e-03 -1.55760032e-02 -2.09660398e-02]
 [ 5.79480573e-02 -2.25165358e-01 -2.33645135e-02]]
KMeans
[0 1]
[0 1]
[[1484  144]
 [ 770  199]]
              precision    recall  f1-score   support

           0       0.66      0.91      0.76      1628
           1       0.58      0.21      0.30       969

    accuracy                           0.65      2597
   macro avg       0.62      0.56      0.53      2597
weighted avg       0.63      0.65      0.59      2597

DBSCAN
[-1  0  1]
[0 1]
[[   0    0    0]
 [ 146 1439   43]
 [ 166  738   65]]
              precision    recall  f1-score   support

          -1       0.00      0.00      0.00         0
           0       0.66      0.88      0.76      1628
           1       0.60      0.07      0.12       969

    accuracy                           0.58      2597
   macro avg       0.42      0.32      0.29      2597
weighted avg       0.64      0.58      0.52      2597

SOM
[0 1]
[0 1]
[[ 480 1148]
 [ 599  370]]
              precision    recall  f1-score   support

           0       0.44      0.29      0.35      1628
           1       0.24      0.38      0.30       969

    accuracy                           0.33      2597
   macro avg       0.34      0.34      0.33      2597
weighted avg       0.37      0.33      0.33      2597

Birch
[0 1]
[0 1]
[[1628    0]
 [ 965    4]]
              precision    recall  f1-score   support

           0       0.63      1.00      0.77      1628
           1       1.00      0.00      0.01       969

    accuracy                           0.63      2597
   macro avg       0.81      0.50      0.39      2597
weighted avg       0.77      0.63      0.49      2597

Ward
[0 1]
[0 1]
[[1536   92]
 [ 845  124]]
              precision    recall  f1-score   support

           0       0.65      0.94      0.77      1628
           1       0.57      0.13      0.21       969

    accuracy                           0.64      2597
   macro avg       0.61      0.54      0.49      2597
weighted avg       0.62      0.64      0.56      2597

Spectral
[0 1]
[0 1]
[[1484  144]
 [ 764  205]]
              precision    recall  f1-score   support

           0       0.66      0.91      0.77      1628
           1       0.59      0.21      0.31       969

    accuracy                           0.65      2597
   macro avg       0.62      0.56      0.54      2597
weighted avg       0.63      0.65      0.60      2597

